{"/home/travis/build/npmtest/node-npmtest-newman/test.js":{"path":"/home/travis/build/npmtest/node-npmtest-newman/test.js","s":{"1":2,"2":2,"3":2,"4":2,"5":2,"6":2,"7":2,"8":1,"9":2,"10":2,"11":1,"12":1,"13":1,"14":1,"15":2,"16":2,"17":2,"18":2,"19":1,"20":1,"21":2,"22":2,"23":2,"24":1,"25":1,"26":1,"27":1,"28":1,"29":1,"30":1,"31":1,"32":1,"33":1,"34":1,"35":1,"36":1,"37":1,"38":1,"39":2,"40":2,"41":1,"42":2,"43":2,"44":1,"45":2,"46":2,"47":1,"48":2,"49":2,"50":1,"51":1,"52":1,"53":1,"54":1},"b":{"1":[2,1,1,1],"2":[1,1,1,1],"3":[1,1],"4":[1,1],"5":[1,1],"6":[1,1],"7":[1,1],"8":[1,1],"9":[1,1],"10":[1,1,1],"11":[1,1],"12":[1,1],"13":[1,1],"14":[1,1],"15":[1,1],"16":[1,1],"17":[1,1]},"f":{"1":2,"2":2,"3":2,"4":2,"5":2,"6":1,"7":1,"8":1,"9":2,"10":2,"11":2,"12":2,"13":1},"fnMap":{"1":{"name":"(anonymous_1)","line":12,"loc":{"start":{"line":12,"column":1},"end":{"line":12,"column":13}}},"2":{"name":"(anonymous_2)","line":19,"loc":{"start":{"line":19,"column":5},"end":{"line":19,"column":17}}},"3":{"name":"(anonymous_3)","line":23,"loc":{"start":{"line":23,"column":24},"end":{"line":23,"column":36}}},"4":{"name":"(anonymous_4)","line":61,"loc":{"start":{"line":61,"column":5},"end":{"line":61,"column":17}}},"5":{"name":"(anonymous_5)","line":82,"loc":{"start":{"line":82,"column":5},"end":{"line":82,"column":17}}},"6":{"name":"(anonymous_6)","line":91,"loc":{"start":{"line":91,"column":77},"end":{"line":94,"column":10}}},"7":{"name":"(anonymous_7)","line":112,"loc":{"start":{"line":112,"column":83},"end":{"line":115,"column":10}},"skip":true},"8":{"name":"(anonymous_8)","line":123,"loc":{"start":{"line":123,"column":77},"end":{"line":126,"column":10}},"skip":true},"9":{"name":"(anonymous_9)","line":139,"loc":{"start":{"line":139,"column":12},"end":{"line":139,"column":40}},"skip":true},"10":{"name":"(anonymous_10)","line":147,"loc":{"start":{"line":147,"column":77},"end":{"line":150,"column":10}},"skip":true},"11":{"name":"(anonymous_11)","line":158,"loc":{"start":{"line":158,"column":83},"end":{"line":161,"column":10}},"skip":true},"12":{"name":"(anonymous_12)","line":169,"loc":{"start":{"line":169,"column":79},"end":{"line":172,"column":10}},"skip":true},"13":{"name":"(anonymous_13)","line":180,"loc":{"start":{"line":180,"column":75},"end":{"line":183,"column":10}},"skip":true}},"statementMap":{"1":{"start":{"line":12,"column":0},"end":{"line":195,"column":5}},"2":{"start":{"line":14,"column":4},"end":{"line":14,"column":14}},"3":{"start":{"line":19,"column":4},"end":{"line":56,"column":9}},"4":{"start":{"line":21,"column":8},"end":{"line":21,"column":19}},"5":{"start":{"line":23,"column":8},"end":{"line":35,"column":13}},"6":{"start":{"line":24,"column":12},"end":{"line":34,"column":13}},"7":{"start":{"line":25,"column":16},"end":{"line":28,"column":30}},"8":{"start":{"line":30,"column":16},"end":{"line":33,"column":27}},"9":{"start":{"line":37,"column":8},"end":{"line":39,"column":21}},"10":{"start":{"line":40,"column":8},"end":{"line":53,"column":9}},"11":{"start":{"line":43,"column":12},"end":{"line":46,"column":14}},"12":{"start":{"line":47,"column":12},"end":{"line":47,"column":18}},"13":{"start":{"line":50,"column":12},"end":{"line":51,"column":46}},"14":{"start":{"line":52,"column":12},"end":{"line":52,"column":18}},"15":{"start":{"line":55,"column":8},"end":{"line":55,"column":35}},"16":{"start":{"line":61,"column":4},"end":{"line":63,"column":9}},"17":{"start":{"line":62,"column":8},"end":{"line":62,"column":15}},"18":{"start":{"line":64,"column":4},"end":{"line":77,"column":5}},"19":{"start":{"line":70,"column":8},"end":{"line":70,"column":14}},"20":{"start":{"line":76,"column":8},"end":{"line":76,"column":14}},"21":{"start":{"line":82,"column":4},"end":{"line":84,"column":9}},"22":{"start":{"line":83,"column":8},"end":{"line":83,"column":15}},"23":{"start":{"line":85,"column":4},"end":{"line":194,"column":5}},"24":{"start":{"line":91,"column":8},"end":{"line":99,"column":10}},"25":{"start":{"line":98,"column":12},"end":{"line":98,"column":35}},"26":{"start":{"line":102,"column":8},"end":{"line":104,"column":63}},"27":{"start":{"line":105,"column":8},"end":{"line":105,"column":14}},"28":{"start":{"line":112,"column":8},"end":{"line":121,"column":10},"skip":true},"29":{"start":{"line":119,"column":12},"end":{"line":119,"column":55},"skip":true},"30":{"start":{"line":120,"column":12},"end":{"line":120,"column":48},"skip":true},"31":{"start":{"line":123,"column":8},"end":{"line":136,"column":10},"skip":true},"32":{"start":{"line":130,"column":12},"end":{"line":130,"column":76},"skip":true},"33":{"start":{"line":131,"column":12},"end":{"line":131,"column":73},"skip":true},"34":{"start":{"line":132,"column":12},"end":{"line":132,"column":74},"skip":true},"35":{"start":{"line":133,"column":12},"end":{"line":133,"column":79},"skip":true},"36":{"start":{"line":134,"column":12},"end":{"line":134,"column":25},"skip":true},"37":{"start":{"line":135,"column":12},"end":{"line":135,"column":45},"skip":true},"38":{"start":{"line":138,"column":8},"end":{"line":145,"column":14},"skip":true},"39":{"start":{"line":143,"column":16},"end":{"line":143,"column":29},"skip":true},"40":{"start":{"line":144,"column":16},"end":{"line":144,"column":55},"skip":true},"41":{"start":{"line":147,"column":8},"end":{"line":156,"column":10},"skip":true},"42":{"start":{"line":154,"column":12},"end":{"line":154,"column":25},"skip":true},"43":{"start":{"line":155,"column":12},"end":{"line":155,"column":45},"skip":true},"44":{"start":{"line":158,"column":8},"end":{"line":167,"column":10},"skip":true},"45":{"start":{"line":165,"column":12},"end":{"line":165,"column":25},"skip":true},"46":{"start":{"line":166,"column":12},"end":{"line":166,"column":48},"skip":true},"47":{"start":{"line":169,"column":8},"end":{"line":178,"column":10},"skip":true},"48":{"start":{"line":176,"column":12},"end":{"line":176,"column":25},"skip":true},"49":{"start":{"line":177,"column":12},"end":{"line":177,"column":46},"skip":true},"50":{"start":{"line":180,"column":8},"end":{"line":189,"column":10},"skip":true},"51":{"start":{"line":187,"column":12},"end":{"line":187,"column":94},"skip":true},"52":{"start":{"line":188,"column":12},"end":{"line":188,"column":48},"skip":true},"53":{"start":{"line":192,"column":8},"end":{"line":192,"column":35},"skip":true},"54":{"start":{"line":193,"column":8},"end":{"line":193,"column":14},"skip":true}},"branchMap":{"1":{"line":25,"type":"binary-expr","locations":[{"start":{"line":25,"column":23},"end":{"line":25,"column":62}},{"start":{"line":26,"column":20},"end":{"line":26,"column":70}},{"start":{"line":27,"column":20},"end":{"line":27,"column":71}},{"start":{"line":28,"column":20},"end":{"line":28,"column":29}}]},"2":{"line":30,"type":"binary-expr","locations":[{"start":{"line":30,"column":23},"end":{"line":30,"column":37}},{"start":{"line":31,"column":20},"end":{"line":31,"column":61}},{"start":{"line":32,"column":20},"end":{"line":32,"column":70}},{"start":{"line":33,"column":20},"end":{"line":33,"column":26}}]},"3":{"line":37,"type":"cond-expr","locations":[{"start":{"line":38,"column":14},"end":{"line":38,"column":20}},{"start":{"line":39,"column":14},"end":{"line":39,"column":20}}]},"4":{"line":40,"type":"switch","locations":[{"start":{"line":42,"column":8},"end":{"line":47,"column":18}},{"start":{"line":49,"column":8},"end":{"line":52,"column":18}}]},"5":{"line":44,"type":"binary-expr","locations":[{"start":{"line":44,"column":16},"end":{"line":44,"column":44}},{"start":{"line":44,"column":48},"end":{"line":44,"column":66}}]},"6":{"line":50,"type":"binary-expr","locations":[{"start":{"line":50,"column":21},"end":{"line":50,"column":49}},{"start":{"line":50,"column":53},"end":{"line":50,"column":72}}]},"7":{"line":64,"type":"switch","locations":[{"start":{"line":69,"column":4},"end":{"line":70,"column":14}},{"start":{"line":75,"column":4},"end":{"line":76,"column":14}}]},"8":{"line":85,"type":"switch","locations":[{"start":{"line":90,"column":4},"end":{"line":105,"column":14}},{"start":{"line":111,"column":4},"end":{"line":193,"column":14},"skip":true}]},"9":{"line":91,"type":"binary-expr","locations":[{"start":{"line":91,"column":42},"end":{"line":91,"column":73}},{"start":{"line":91,"column":77},"end":{"line":99,"column":9}}]},"10":{"line":102,"type":"binary-expr","locations":[{"start":{"line":102,"column":18},"end":{"line":102,"column":32}},{"start":{"line":103,"column":12},"end":{"line":103,"column":53}},{"start":{"line":104,"column":12},"end":{"line":104,"column":61}}]},"11":{"line":112,"type":"binary-expr","locations":[{"start":{"line":112,"column":45},"end":{"line":112,"column":79},"skip":true},{"start":{"line":112,"column":83},"end":{"line":121,"column":9},"skip":true}]},"12":{"line":123,"type":"binary-expr","locations":[{"start":{"line":123,"column":42},"end":{"line":123,"column":73},"skip":true},{"start":{"line":123,"column":77},"end":{"line":136,"column":9},"skip":true}]},"13":{"line":138,"type":"binary-expr","locations":[{"start":{"line":138,"column":48},"end":{"line":138,"column":85},"skip":true},{"start":{"line":139,"column":12},"end":{"line":145,"column":13},"skip":true}]},"14":{"line":147,"type":"binary-expr","locations":[{"start":{"line":147,"column":42},"end":{"line":147,"column":73},"skip":true},{"start":{"line":147,"column":77},"end":{"line":156,"column":9},"skip":true}]},"15":{"line":158,"type":"binary-expr","locations":[{"start":{"line":158,"column":45},"end":{"line":158,"column":79},"skip":true},{"start":{"line":158,"column":83},"end":{"line":167,"column":9},"skip":true}]},"16":{"line":169,"type":"binary-expr","locations":[{"start":{"line":169,"column":43},"end":{"line":169,"column":75},"skip":true},{"start":{"line":169,"column":79},"end":{"line":178,"column":9},"skip":true}]},"17":{"line":180,"type":"binary-expr","locations":[{"start":{"line":180,"column":41},"end":{"line":180,"column":71},"skip":true},{"start":{"line":180,"column":75},"end":{"line":189,"column":9},"skip":true}]}},"code":["/* istanbul instrument in package npmtest_newman */","/*jslint","    bitwise: true,","    browser: true,","    maxerr: 8,","    maxlen: 96,","    node: true,","    nomen: true,","    regexp: true,","    stupid: true","*/","(function () {","    'use strict';","    var local;","","","","    // run shared js-env code - pre-init","    (function () {","        // init local","        local = {};","        // init modeJs","        local.modeJs = (function () {","            try {","                return typeof navigator.userAgent === 'string' &&","                    typeof document.querySelector('body') === 'object' &&","                    typeof XMLHttpRequest.prototype.open === 'function' &&","                    'browser';","            } catch (errorCaughtBrowser) {","                return module.exports &&","                    typeof process.versions.node === 'string' &&","                    typeof require('http').createServer === 'function' &&","                    'node';","            }","        }());","        // init global","        local.global = local.modeJs === 'browser'","            ? window","            : global;","        switch (local.modeJs) {","        // re-init local from window.local","        case 'browser':","            local = local.global.utility2.objectSetDefault(","                local.global.utility2_rollup || local.global.local,","                local.global.utility2","            );","            break;","        // re-init local from example.js","        case 'node':","            local = (local.global.utility2_rollup || require('utility2'))","                .requireExampleJsFromReadme();","            break;","        }","        // export local","        local.global.local = local;","    }());","","","","    // run shared js-env code - function","    (function () {","        return;","    }());","    switch (local.modeJs) {","","","","    // run browser js-env code - function","    case 'browser':","        break;","","","","    // run node js-env code - function","    case 'node':","        break;","    }","","","","    // run shared js-env code - post-init","    (function () {","        return;","    }());","    switch (local.modeJs) {","","","","    // run browser js-env code - post-init","    case 'browser':","        local.testCase_browser_nullCase = local.testCase_browser_nullCase || function (","            options,","            onError","        ) {","        /*","         * this function will test browsers's null-case handling-behavior-behavior","         */","            onError(null, options);","        };","","        // run tests","        local.nop(local.modeTest &&","            document.querySelector('#testRunButton1') &&","            document.querySelector('#testRunButton1').click());","        break;","","","","    // run node js-env code - post-init","    /* istanbul ignore next */","    case 'node':","        local.testCase_buildApidoc_default = local.testCase_buildApidoc_default || function (","            options,","            onError","        ) {","        /*","         * this function will test buildApidoc's default handling-behavior-behavior","         */","            options = { modulePathList: module.paths };","            local.buildApidoc(options, onError);","        };","","        local.testCase_buildApp_default = local.testCase_buildApp_default || function (","            options,","            onError","        ) {","        /*","         * this function will test buildApp's default handling-behavior-behavior","         */","            local.testCase_buildReadme_default(options, local.onErrorThrow);","            local.testCase_buildLib_default(options, local.onErrorThrow);","            local.testCase_buildTest_default(options, local.onErrorThrow);","            local.testCase_buildCustomOrg_default(options, local.onErrorThrow);","            options = [];","            local.buildApp(options, onError);","        };","","        local.testCase_buildCustomOrg_default = local.testCase_buildCustomOrg_default ||","            function (options, onError) {","            /*","             * this function will test buildCustomOrg's default handling-behavior","             */","                options = {};","                local.buildCustomOrg(options, onError);","            };","","        local.testCase_buildLib_default = local.testCase_buildLib_default || function (","            options,","            onError","        ) {","        /*","         * this function will test buildLib's default handling-behavior","         */","            options = {};","            local.buildLib(options, onError);","        };","","        local.testCase_buildReadme_default = local.testCase_buildReadme_default || function (","            options,","            onError","        ) {","        /*","         * this function will test buildReadme's default handling-behavior-behavior","         */","            options = {};","            local.buildReadme(options, onError);","        };","","        local.testCase_buildTest_default = local.testCase_buildTest_default || function (","            options,","            onError","        ) {","        /*","         * this function will test buildTest's default handling-behavior","         */","            options = {};","            local.buildTest(options, onError);","        };","","        local.testCase_webpage_default = local.testCase_webpage_default || function (","            options,","            onError","        ) {","        /*","         * this function will test webpage's default handling-behavior","         */","            options = { modeCoverageMerge: true, url: local.serverLocalHost + '?modeTest=1' };","            local.browserTest(options, onError);","        };","","        // run test-server","        local.testRunServer(local);","        break;","    }","}());",""],"l":{"12":2,"14":2,"19":2,"21":2,"23":2,"24":2,"25":2,"30":1,"37":2,"40":2,"43":1,"47":1,"50":1,"52":1,"55":2,"61":2,"62":2,"64":2,"70":1,"76":1,"82":2,"83":2,"85":2,"91":1,"98":1,"102":1,"105":1,"112":1,"119":1,"120":1,"123":1,"130":1,"131":1,"132":1,"133":1,"134":1,"135":1,"138":1,"143":2,"144":2,"147":1,"154":2,"155":2,"158":1,"165":2,"166":2,"169":1,"176":2,"177":2,"180":1,"187":1,"188":1,"192":1,"193":1}},"/home/travis/build/npmtest/node-npmtest-newman/lib.npmtest_newman.js":{"path":"/home/travis/build/npmtest/node-npmtest-newman/lib.npmtest_newman.js","s":{"1":2,"2":2,"3":2,"4":2,"5":2,"6":2,"7":2,"8":1,"9":2,"10":2,"11":2,"12":2,"13":1,"14":1,"15":1,"16":1},"b":{"1":[2,1,1,1],"2":[1,1,1,1],"3":[1,1],"4":[2,2],"5":[1,1]},"f":{"1":2,"2":2,"3":2},"fnMap":{"1":{"name":"(anonymous_1)","line":12,"loc":{"start":{"line":12,"column":1},"end":{"line":12,"column":13}}},"2":{"name":"(anonymous_2)","line":19,"loc":{"start":{"line":19,"column":5},"end":{"line":19,"column":17}}},"3":{"name":"(anonymous_3)","line":23,"loc":{"start":{"line":23,"column":24},"end":{"line":23,"column":36}}}},"statementMap":{"1":{"start":{"line":12,"column":0},"end":{"line":53,"column":5}},"2":{"start":{"line":14,"column":4},"end":{"line":14,"column":14}},"3":{"start":{"line":19,"column":4},"end":{"line":52,"column":9}},"4":{"start":{"line":21,"column":8},"end":{"line":21,"column":19}},"5":{"start":{"line":23,"column":8},"end":{"line":35,"column":13}},"6":{"start":{"line":24,"column":12},"end":{"line":34,"column":13}},"7":{"start":{"line":25,"column":16},"end":{"line":28,"column":30}},"8":{"start":{"line":30,"column":16},"end":{"line":33,"column":27}},"9":{"start":{"line":37,"column":8},"end":{"line":39,"column":21}},"10":{"start":{"line":41,"column":8},"end":{"line":41,"column":54}},"11":{"start":{"line":43,"column":8},"end":{"line":43,"column":51}},"12":{"start":{"line":45,"column":8},"end":{"line":51,"column":9}},"13":{"start":{"line":46,"column":12},"end":{"line":46,"column":57}},"14":{"start":{"line":48,"column":12},"end":{"line":48,"column":35}},"15":{"start":{"line":49,"column":12},"end":{"line":49,"column":49}},"16":{"start":{"line":50,"column":12},"end":{"line":50,"column":43}}},"branchMap":{"1":{"line":25,"type":"binary-expr","locations":[{"start":{"line":25,"column":23},"end":{"line":25,"column":62}},{"start":{"line":26,"column":20},"end":{"line":26,"column":70}},{"start":{"line":27,"column":20},"end":{"line":27,"column":71}},{"start":{"line":28,"column":20},"end":{"line":28,"column":29}}]},"2":{"line":30,"type":"binary-expr","locations":[{"start":{"line":30,"column":23},"end":{"line":30,"column":37}},{"start":{"line":31,"column":20},"end":{"line":31,"column":61}},{"start":{"line":32,"column":20},"end":{"line":32,"column":70}},{"start":{"line":33,"column":20},"end":{"line":33,"column":26}}]},"3":{"line":37,"type":"cond-expr","locations":[{"start":{"line":38,"column":14},"end":{"line":38,"column":20}},{"start":{"line":39,"column":14},"end":{"line":39,"column":20}}]},"4":{"line":41,"type":"binary-expr","locations":[{"start":{"line":41,"column":16},"end":{"line":41,"column":44}},{"start":{"line":41,"column":48},"end":{"line":41,"column":53}}]},"5":{"line":45,"type":"if","locations":[{"start":{"line":45,"column":8},"end":{"line":45,"column":8}},{"start":{"line":45,"column":8},"end":{"line":45,"column":8}}]}},"code":["/* istanbul instrument in package npmtest_newman */","/*jslint","    bitwise: true,","    browser: true,","    maxerr: 8,","    maxlen: 96,","    node: true,","    nomen: true,","    regexp: true,","    stupid: true","*/","(function () {","    'use strict';","    var local;","","","","    // run shared js-env code - pre-init","    (function () {","        // init local","        local = {};","        // init modeJs","        local.modeJs = (function () {","            try {","                return typeof navigator.userAgent === 'string' &&","                    typeof document.querySelector('body') === 'object' &&","                    typeof XMLHttpRequest.prototype.open === 'function' &&","                    'browser';","            } catch (errorCaughtBrowser) {","                return module.exports &&","                    typeof process.versions.node === 'string' &&","                    typeof require('http').createServer === 'function' &&","                    'node';","            }","        }());","        // init global","        local.global = local.modeJs === 'browser'","            ? window","            : global;","        // init utility2_rollup","        local = local.global.utility2_rollup || local;","        // init lib","        local.local = local.npmtest_newman = local;","        // init exports","        if (local.modeJs === 'browser') {","            local.global.utility2_npmtest_newman = local;","        } else {","            module.exports = local;","            module.exports.__dirname = __dirname;","            module.exports.module = module;","        }","    }());","}());",""],"l":{"12":2,"14":2,"19":2,"21":2,"23":2,"24":2,"25":2,"30":1,"37":2,"41":2,"43":2,"45":2,"46":1,"48":1,"49":1,"50":1}},"/home/travis/build/npmtest/node-npmtest-newman/example.js":{"path":"/home/travis/build/npmtest/node-npmtest-newman/example.js","s":{"1":2,"2":2,"3":2,"4":2,"5":2,"6":2,"7":2,"8":1,"9":2,"10":2,"11":2,"12":2,"13":1,"14":2,"15":2,"16":2,"17":2,"18":2,"19":0,"20":2,"21":1,"22":1,"23":1,"24":1,"25":1,"26":0,"27":0,"28":1,"29":1,"30":2,"31":0,"32":0,"33":0,"34":1,"35":2,"36":2,"37":3,"38":3,"39":3,"40":3,"41":0,"42":3,"43":3,"44":3,"45":1,"46":3,"47":1,"48":1,"49":1,"50":1,"51":1,"52":1,"53":1,"54":1,"55":1,"56":1,"57":0,"58":1,"59":6,"60":6,"61":1,"62":2,"63":0,"64":2,"65":1,"66":1,"67":0,"68":0,"69":0,"70":0,"71":0,"72":0,"73":0,"74":0,"75":0,"76":0,"77":0,"78":0,"79":0,"80":0,"81":0,"82":0,"83":0},"b":{"1":[2,1,1,1],"2":[1,1,1,1],"3":[1,1],"4":[2,2],"5":[1,1],"6":[1,1],"7":[2,0],"8":[2,1,1,1,1,1],"9":[0,2,0],"10":[1,1],"11":[2,1,1],"12":[1,0],"13":[0,2],"14":[2,0,0,0,0,0,0],"15":[0,3],"16":[3,0],"17":[1,1],"18":[0,1],"19":[1,2,0,2],"20":[1,0],"21":[1,1],"22":[0,0],"23":[0,0],"24":[0,0],"25":[0,0],"26":[0,0],"27":[0,0],"28":[0,0]},"f":{"1":2,"2":2,"3":2,"4":2,"5":2,"6":2,"7":3,"8":3,"9":3,"10":1,"11":6,"12":0},"fnMap":{"1":{"name":"(anonymous_1)","line":26,"loc":{"start":{"line":26,"column":1},"end":{"line":26,"column":13}}},"2":{"name":"(anonymous_2)","line":33,"loc":{"start":{"line":33,"column":5},"end":{"line":33,"column":17}}},"3":{"name":"(anonymous_3)","line":37,"loc":{"start":{"line":37,"column":24},"end":{"line":37,"column":36}}},"4":{"name":"(anonymous_4)","line":69,"loc":{"start":{"line":69,"column":31},"end":{"line":69,"column":48}},"skip":true},"5":{"name":"(anonymous_5)","line":78,"loc":{"start":{"line":78,"column":26},"end":{"line":78,"column":45}},"skip":true},"6":{"name":"(anonymous_6)","line":123,"loc":{"start":{"line":123,"column":33},"end":{"line":123,"column":48}},"skip":true},"7":{"name":"(anonymous_7)","line":125,"loc":{"start":{"line":125,"column":27},"end":{"line":125,"column":39}},"skip":true},"8":{"name":"(anonymous_8)","line":133,"loc":{"start":{"line":133,"column":59},"end":{"line":133,"column":74}},"skip":true},"9":{"name":"(anonymous_9)","line":143,"loc":{"start":{"line":143,"column":45},"end":{"line":143,"column":62}},"skip":true},"10":{"name":"(anonymous_10)","line":144,"loc":{"start":{"line":144,"column":73},"end":{"line":144,"column":92}},"skip":true},"11":{"name":"(anonymous_11)","line":272,"loc":{"start":{"line":272,"column":51},"end":{"line":272,"column":77}},"skip":true},"12":{"name":"(anonymous_12)","line":315,"loc":{"start":{"line":315,"column":32},"end":{"line":315,"column":61}},"skip":true}},"statementMap":{"1":{"start":{"line":26,"column":0},"end":{"line":326,"column":5}},"2":{"start":{"line":28,"column":4},"end":{"line":28,"column":14}},"3":{"start":{"line":33,"column":4},"end":{"line":60,"column":9}},"4":{"start":{"line":35,"column":8},"end":{"line":35,"column":19}},"5":{"start":{"line":37,"column":8},"end":{"line":49,"column":13}},"6":{"start":{"line":38,"column":12},"end":{"line":48,"column":13}},"7":{"start":{"line":39,"column":16},"end":{"line":42,"column":30}},"8":{"start":{"line":44,"column":16},"end":{"line":47,"column":27}},"9":{"start":{"line":51,"column":8},"end":{"line":53,"column":21}},"10":{"start":{"line":55,"column":8},"end":{"line":57,"column":45}},"11":{"start":{"line":59,"column":8},"end":{"line":59,"column":35}},"12":{"start":{"line":61,"column":4},"end":{"line":325,"column":5}},"13":{"start":{"line":69,"column":8},"end":{"line":121,"column":10},"skip":true},"14":{"start":{"line":70,"column":12},"end":{"line":88,"column":13},"skip":true},"15":{"start":{"line":76,"column":16},"end":{"line":87,"column":19},"skip":true},"16":{"start":{"line":79,"column":20},"end":{"line":86,"column":21},"skip":true},"17":{"start":{"line":82,"column":24},"end":{"line":82,"column":43},"skip":true},"18":{"start":{"line":83,"column":24},"end":{"line":83,"column":30},"skip":true},"19":{"start":{"line":85,"column":24},"end":{"line":85,"column":49},"skip":true},"20":{"start":{"line":89,"column":12},"end":{"line":107,"column":13},"skip":true},"21":{"start":{"line":92,"column":16},"end":{"line":102,"column":17},"skip":true},"22":{"start":{"line":93,"column":20},"end":{"line":93,"column":86},"skip":true},"23":{"start":{"line":94,"column":20},"end":{"line":95,"column":45},"skip":true},"24":{"start":{"line":96,"column":20},"end":{"line":96,"column":42},"skip":true},"25":{"start":{"line":97,"column":20},"end":{"line":97,"column":48},"skip":true},"26":{"start":{"line":100,"column":20},"end":{"line":100,"column":85},"skip":true},"27":{"start":{"line":101,"column":20},"end":{"line":101,"column":96},"skip":true},"28":{"start":{"line":103,"column":16},"end":{"line":103,"column":22},"skip":true},"29":{"start":{"line":106,"column":16},"end":{"line":106,"column":22},"skip":true},"30":{"start":{"line":108,"column":12},"end":{"line":120,"column":13},"skip":true},"31":{"start":{"line":114,"column":16},"end":{"line":119,"column":17},"skip":true},"32":{"start":{"line":116,"column":20},"end":{"line":116,"column":78},"skip":true},"33":{"start":{"line":118,"column":20},"end":{"line":118,"column":47},"skip":true},"34":{"start":{"line":123,"column":8},"end":{"line":141,"column":11},"skip":true},"35":{"start":{"line":124,"column":12},"end":{"line":124,"column":54},"skip":true},"36":{"start":{"line":125,"column":12},"end":{"line":140,"column":14},"skip":true},"37":{"start":{"line":126,"column":16},"end":{"line":126,"column":28},"skip":true},"38":{"start":{"line":127,"column":16},"end":{"line":127,"column":69},"skip":true},"39":{"start":{"line":128,"column":16},"end":{"line":128,"column":75},"skip":true},"40":{"start":{"line":129,"column":16},"end":{"line":131,"column":17},"skip":true},"41":{"start":{"line":130,"column":20},"end":{"line":130,"column":27},"skip":true},"42":{"start":{"line":133,"column":16},"end":{"line":137,"column":36},"skip":true},"43":{"start":{"line":134,"column":20},"end":{"line":136,"column":55},"skip":true},"44":{"start":{"line":139,"column":16},"end":{"line":139,"column":57},"skip":true},"45":{"start":{"line":143,"column":8},"end":{"line":147,"column":11},"skip":true},"46":{"start":{"line":144,"column":12},"end":{"line":146,"column":15},"skip":true},"47":{"start":{"line":145,"column":16},"end":{"line":145,"column":70},"skip":true},"48":{"start":{"line":149,"column":8},"end":{"line":149,"column":31},"skip":true},"49":{"start":{"line":150,"column":8},"end":{"line":150,"column":14},"skip":true},"50":{"start":{"line":158,"column":8},"end":{"line":158,"column":31},"skip":true},"51":{"start":{"line":160,"column":8},"end":{"line":160,"column":33},"skip":true},"52":{"start":{"line":161,"column":8},"end":{"line":161,"column":37},"skip":true},"53":{"start":{"line":162,"column":8},"end":{"line":162,"column":35},"skip":true},"54":{"start":{"line":164,"column":8},"end":{"line":164,"column":50},"skip":true},"55":{"start":{"line":166,"column":8},"end":{"line":256,"column":2},"skip":true},"56":{"start":{"line":258,"column":8},"end":{"line":286,"column":9},"skip":true},"57":{"start":{"line":259,"column":12},"end":{"line":269,"column":14},"skip":true},"58":{"start":{"line":271,"column":12},"end":{"line":285,"column":19},"skip":true},"59":{"start":{"line":274,"column":20},"end":{"line":274,"column":35},"skip":true},"60":{"start":{"line":275,"column":20},"end":{"line":284,"column":21},"skip":true},"61":{"start":{"line":277,"column":24},"end":{"line":277,"column":64},"skip":true},"62":{"start":{"line":279,"column":24},"end":{"line":279,"column":40},"skip":true},"63":{"start":{"line":281,"column":24},"end":{"line":281,"column":40},"skip":true},"64":{"start":{"line":283,"column":24},"end":{"line":283,"column":39},"skip":true},"65":{"start":{"line":288,"column":8},"end":{"line":290,"column":9},"skip":true},"66":{"start":{"line":289,"column":12},"end":{"line":289,"column":18},"skip":true},"67":{"start":{"line":291,"column":8},"end":{"line":293,"column":54},"skip":true},"68":{"start":{"line":296,"column":8},"end":{"line":301,"column":37},"skip":true},"69":{"start":{"line":303,"column":8},"end":{"line":303,"column":82},"skip":true},"70":{"start":{"line":306,"column":8},"end":{"line":308,"column":9},"skip":true},"71":{"start":{"line":307,"column":12},"end":{"line":307,"column":82},"skip":true},"72":{"start":{"line":310,"column":8},"end":{"line":312,"column":9},"skip":true},"73":{"start":{"line":311,"column":12},"end":{"line":311,"column":18},"skip":true},"74":{"start":{"line":313,"column":8},"end":{"line":313,"column":54},"skip":true},"75":{"start":{"line":314,"column":8},"end":{"line":314,"column":69},"skip":true},"76":{"start":{"line":315,"column":8},"end":{"line":323,"column":36},"skip":true},"77":{"start":{"line":316,"column":12},"end":{"line":316,"column":61},"skip":true},"78":{"start":{"line":317,"column":12},"end":{"line":320,"column":13},"skip":true},"79":{"start":{"line":318,"column":16},"end":{"line":318,"column":75},"skip":true},"80":{"start":{"line":319,"column":16},"end":{"line":319,"column":23},"skip":true},"81":{"start":{"line":321,"column":12},"end":{"line":321,"column":38},"skip":true},"82":{"start":{"line":322,"column":12},"end":{"line":322,"column":27},"skip":true},"83":{"start":{"line":324,"column":8},"end":{"line":324,"column":14},"skip":true}},"branchMap":{"1":{"line":39,"type":"binary-expr","locations":[{"start":{"line":39,"column":23},"end":{"line":39,"column":62}},{"start":{"line":40,"column":20},"end":{"line":40,"column":70}},{"start":{"line":41,"column":20},"end":{"line":41,"column":71}},{"start":{"line":42,"column":20},"end":{"line":42,"column":29}}]},"2":{"line":44,"type":"binary-expr","locations":[{"start":{"line":44,"column":23},"end":{"line":44,"column":37}},{"start":{"line":45,"column":20},"end":{"line":45,"column":61}},{"start":{"line":46,"column":20},"end":{"line":46,"column":70}},{"start":{"line":47,"column":20},"end":{"line":47,"column":26}}]},"3":{"line":51,"type":"cond-expr","locations":[{"start":{"line":52,"column":14},"end":{"line":52,"column":20}},{"start":{"line":53,"column":14},"end":{"line":53,"column":20}}]},"4":{"line":55,"type":"binary-expr","locations":[{"start":{"line":55,"column":16},"end":{"line":55,"column":44}},{"start":{"line":55,"column":49},"end":{"line":57,"column":43}}]},"5":{"line":55,"type":"cond-expr","locations":[{"start":{"line":56,"column":14},"end":{"line":56,"column":50}},{"start":{"line":57,"column":14},"end":{"line":57,"column":43}}]},"6":{"line":61,"type":"switch","locations":[{"start":{"line":68,"column":4},"end":{"line":150,"column":14},"skip":true},{"start":{"line":156,"column":4},"end":{"line":324,"column":14},"skip":true}]},"7":{"line":70,"type":"if","locations":[{"start":{"line":70,"column":12},"end":{"line":70,"column":12},"skip":true},{"start":{"line":70,"column":12},"end":{"line":70,"column":12},"skip":true}]},"8":{"line":70,"type":"binary-expr","locations":[{"start":{"line":70,"column":16},"end":{"line":70,"column":22},"skip":true},{"start":{"line":70,"column":27},"end":{"line":70,"column":32},"skip":true},{"start":{"line":71,"column":20},"end":{"line":71,"column":39},"skip":true},{"start":{"line":72,"column":20},"end":{"line":72,"column":49},"skip":true},{"start":{"line":73,"column":20},"end":{"line":73,"column":58},"skip":true},{"start":{"line":74,"column":20},"end":{"line":74,"column":69},"skip":true}]},"9":{"line":79,"type":"switch","locations":[{"start":{"line":80,"column":20},"end":{"line":80,"column":33},"skip":true},{"start":{"line":81,"column":20},"end":{"line":83,"column":30},"skip":true},{"start":{"line":84,"column":20},"end":{"line":85,"column":49},"skip":true}]},"10":{"line":89,"type":"switch","locations":[{"start":{"line":90,"column":12},"end":{"line":103,"column":22},"skip":true},{"start":{"line":105,"column":12},"end":{"line":106,"column":22},"skip":true}]},"11":{"line":89,"type":"binary-expr","locations":[{"start":{"line":89,"column":20},"end":{"line":89,"column":25},"skip":true},{"start":{"line":89,"column":29},"end":{"line":89,"column":48},"skip":true},{"start":{"line":89,"column":52},"end":{"line":89,"column":74},"skip":true}]},"12":{"line":92,"type":"if","locations":[{"start":{"line":92,"column":16},"end":{"line":92,"column":16},"skip":true},{"start":{"line":92,"column":16},"end":{"line":92,"column":16},"skip":true}]},"13":{"line":108,"type":"if","locations":[{"start":{"line":108,"column":12},"end":{"line":108,"column":12},"skip":true},{"start":{"line":108,"column":12},"end":{"line":108,"column":12},"skip":true}]},"14":{"line":108,"type":"binary-expr","locations":[{"start":{"line":108,"column":16},"end":{"line":108,"column":61},"skip":true},{"start":{"line":108,"column":66},"end":{"line":108,"column":72},"skip":true},{"start":{"line":108,"column":77},"end":{"line":108,"column":82},"skip":true},{"start":{"line":109,"column":20},"end":{"line":109,"column":39},"skip":true},{"start":{"line":110,"column":20},"end":{"line":110,"column":49},"skip":true},{"start":{"line":111,"column":20},"end":{"line":111,"column":58},"skip":true},{"start":{"line":112,"column":20},"end":{"line":112,"column":68},"skip":true}]},"15":{"line":129,"type":"if","locations":[{"start":{"line":129,"column":16},"end":{"line":129,"column":16},"skip":true},{"start":{"line":129,"column":16},"end":{"line":129,"column":16},"skip":true}]},"16":{"line":134,"type":"cond-expr","locations":[{"start":{"line":135,"column":26},"end":{"line":135,"column":29},"skip":true},{"start":{"line":136,"column":26},"end":{"line":136,"column":54},"skip":true}]},"17":{"line":164,"type":"binary-expr","locations":[{"start":{"line":164,"column":27},"end":{"line":164,"column":43},"skip":true},{"start":{"line":164,"column":47},"end":{"line":164,"column":49},"skip":true}]},"18":{"line":258,"type":"if","locations":[{"start":{"line":258,"column":8},"end":{"line":258,"column":8},"skip":true},{"start":{"line":258,"column":8},"end":{"line":258,"column":8},"skip":true}]},"19":{"line":275,"type":"switch","locations":[{"start":{"line":276,"column":20},"end":{"line":277,"column":64},"skip":true},{"start":{"line":278,"column":20},"end":{"line":279,"column":40},"skip":true},{"start":{"line":280,"column":20},"end":{"line":281,"column":40},"skip":true},{"start":{"line":282,"column":20},"end":{"line":283,"column":39},"skip":true}]},"20":{"line":288,"type":"if","locations":[{"start":{"line":288,"column":8},"end":{"line":288,"column":8},"skip":true},{"start":{"line":288,"column":8},"end":{"line":288,"column":8},"skip":true}]},"21":{"line":288,"type":"binary-expr","locations":[{"start":{"line":288,"column":12},"end":{"line":288,"column":40},"skip":true},{"start":{"line":288,"column":44},"end":{"line":288,"column":67},"skip":true}]},"22":{"line":292,"type":"binary-expr","locations":[{"start":{"line":292,"column":12},"end":{"line":292,"column":50},"skip":true},{"start":{"line":293,"column":12},"end":{"line":293,"column":53},"skip":true}]},"23":{"line":297,"type":"binary-expr","locations":[{"start":{"line":297,"column":12},"end":{"line":297,"column":64},"skip":true},{"start":{"line":298,"column":12},"end":{"line":301,"column":36},"skip":true}]},"24":{"line":303,"type":"binary-expr","locations":[{"start":{"line":303,"column":43},"end":{"line":303,"column":75},"skip":true},{"start":{"line":303,"column":79},"end":{"line":303,"column":81},"skip":true}]},"25":{"line":306,"type":"if","locations":[{"start":{"line":306,"column":8},"end":{"line":306,"column":8},"skip":true},{"start":{"line":306,"column":8},"end":{"line":306,"column":8},"skip":true}]},"26":{"line":310,"type":"if","locations":[{"start":{"line":310,"column":8},"end":{"line":310,"column":8},"skip":true},{"start":{"line":310,"column":8},"end":{"line":310,"column":8},"skip":true}]},"27":{"line":313,"type":"binary-expr","locations":[{"start":{"line":313,"column":27},"end":{"line":313,"column":43},"skip":true},{"start":{"line":313,"column":47},"end":{"line":313,"column":53},"skip":true}]},"28":{"line":317,"type":"if","locations":[{"start":{"line":317,"column":12},"end":{"line":317,"column":12},"skip":true},{"start":{"line":317,"column":12},"end":{"line":317,"column":12},"skip":true}]}},"code":["/*","example.js","","quickstart example","","instruction","    1. save this script as example.js","    2. run the shell command:","        $ npm install npmtest-newman && PORT=8081 node example.js","    3. play with the browser-demo on http://127.0.0.1:8081","*/","","","","/* istanbul instrument in package npmtest_newman */","/*jslint","    bitwise: true,","    browser: true,","    maxerr: 8,","    maxlen: 96,","    node: true,","    nomen: true,","    regexp: true,","    stupid: true","*/","(function () {","    'use strict';","    var local;","","","","    // run shared js-env code - pre-init","    (function () {","        // init local","        local = {};","        // init modeJs","        local.modeJs = (function () {","            try {","                return typeof navigator.userAgent === 'string' &&","                    typeof document.querySelector('body') === 'object' &&","                    typeof XMLHttpRequest.prototype.open === 'function' &&","                    'browser';","            } catch (errorCaughtBrowser) {","                return module.exports &&","                    typeof process.versions.node === 'string' &&","                    typeof require('http').createServer === 'function' &&","                    'node';","            }","        }());","        // init global","        local.global = local.modeJs === 'browser'","            ? window","            : global;","        // init utility2_rollup","        local = local.global.utility2_rollup || (local.modeJs === 'browser'","            ? local.global.utility2_npmtest_newman","            : global.utility2_moduleExports);","        // export local","        local.global.local = local;","    }());","    switch (local.modeJs) {","","","","    // post-init","    // run browser js-env code - post-init","    /* istanbul ignore next */","    case 'browser':","        local.testRunBrowser = function (event) {","            if (!event || (event &&","                    event.currentTarget &&","                    event.currentTarget.className &&","                    event.currentTarget.className.includes &&","                    event.currentTarget.className.includes('onreset'))) {","                // reset output","                Array.from(","                    document.querySelectorAll('body > .resettable')","                ).forEach(function (element) {","                    switch (element.tagName) {","                    case 'INPUT':","                    case 'TEXTAREA':","                        element.value = '';","                        break;","                    default:","                        element.textContent = '';","                    }","                });","            }","            switch (event && event.currentTarget && event.currentTarget.id) {","            case 'testRunButton1':","                // show tests","                if (document.querySelector('#testReportDiv1').style.display === 'none') {","                    document.querySelector('#testReportDiv1').style.display = 'block';","                    document.querySelector('#testRunButton1').textContent =","                        'hide internal test';","                    local.modeTest = true;","                    local.testRunDefault(local);","                // hide tests","                } else {","                    document.querySelector('#testReportDiv1').style.display = 'none';","                    document.querySelector('#testRunButton1').textContent = 'run internal test';","                }","                break;","            // custom-case","            default:","                break;","            }","            if (document.querySelector('#inputTextareaEval1') && (!event || (event &&","                    event.currentTarget &&","                    event.currentTarget.className &&","                    event.currentTarget.className.includes &&","                    event.currentTarget.className.includes('oneval')))) {","                // try to eval input-code","                try {","                    /*jslint evil: true*/","                    eval(document.querySelector('#inputTextareaEval1').value);","                } catch (errorCaught) {","                    console.error(errorCaught);","                }","            }","        };","        // log stderr and stdout to #outputTextareaStdout1","        ['error', 'log'].forEach(function (key) {","            console[key + '_original'] = console[key];","            console[key] = function () {","                var element;","                console[key + '_original'].apply(console, arguments);","                element = document.querySelector('#outputTextareaStdout1');","                if (!element) {","                    return;","                }","                // append text to #outputTextareaStdout1","                element.value += Array.from(arguments).map(function (arg) {","                    return typeof arg === 'string'","                        ? arg","                        : JSON.stringify(arg, null, 4);","                }).join(' ') + '\\n';","                // scroll textarea to bottom","                element.scrollTop = element.scrollHeight;","            };","        });","        // init event-handling","        ['change', 'click', 'keyup'].forEach(function (event) {","            Array.from(document.querySelectorAll('.on' + event)).forEach(function (element) {","                element.addEventListener(event, local.testRunBrowser);","            });","        });","        // run tests","        local.testRunBrowser();","        break;","","","","    // run node js-env code - post-init","    /* istanbul ignore next */","    case 'node':","        // export local","        module.exports = local;","        // require modules","        local.fs = require('fs');","        local.http = require('http');","        local.url = require('url');","        // init assets","        local.assetsDict = local.assetsDict || {};","        /* jslint-ignore-begin */","        local.assetsDict['/assets.index.template.html'] = '\\","<!doctype html>\\n\\","<html lang=\"en\">\\n\\","<head>\\n\\","<meta charset=\"UTF-8\">\\n\\","<meta name=\"viewport\" content=\"width=device-width, initial-scale=1\">\\n\\","<title>{{env.npm_package_name}} (v{{env.npm_package_version}})</title>\\n\\","<style>\\n\\","/*csslint\\n\\","    box-sizing: false,\\n\\","    universal-selector: false\\n\\","*/\\n\\","* {\\n\\","    box-sizing: border-box;\\n\\","}\\n\\","body {\\n\\","    background: #dde;\\n\\","    font-family: Arial, Helvetica, sans-serif;\\n\\","    margin: 2rem;\\n\\","}\\n\\","body > * {\\n\\","    margin-bottom: 1rem;\\n\\","}\\n\\",".utility2FooterDiv {\\n\\","    margin-top: 20px;\\n\\","    text-align: center;\\n\\","}\\n\\","</style>\\n\\","<style>\\n\\","/*csslint\\n\\","*/\\n\\","textarea {\\n\\","    font-family: monospace;\\n\\","    height: 10rem;\\n\\","    width: 100%;\\n\\","}\\n\\","textarea[readonly] {\\n\\","    background: #ddd;\\n\\","}\\n\\","</style>\\n\\","</head>\\n\\","<body>\\n\\","<!-- utility2-comment\\n\\","<div id=\"ajaxProgressDiv1\" style=\"background: #d00; height: 2px; left: 0; margin: 0; padding: 0; position: fixed; top: 0; transition: background 0.5s, width 1.5s; width: 25%;\"></div>\\n\\","utility2-comment -->\\n\\","<h1>\\n\\","<!-- utility2-comment\\n\\","    <a\\n\\","        {{#if env.npm_package_homepage}}\\n\\","        href=\"{{env.npm_package_homepage}}\"\\n\\","        {{/if env.npm_package_homepage}}\\n\\","        target=\"_blank\"\\n\\","    >\\n\\","utility2-comment -->\\n\\","        {{env.npm_package_name}} (v{{env.npm_package_version}})\\n\\","<!-- utility2-comment\\n\\","    </a>\\n\\","utility2-comment -->\\n\\","</h1>\\n\\","<h3>{{env.npm_package_description}}</h3>\\n\\","<!-- utility2-comment\\n\\","<h4><a download href=\"assets.app.js\">download standalone app</a></h4>\\n\\","<button class=\"onclick onreset\" id=\"testRunButton1\">run internal test</button><br>\\n\\","<div id=\"testReportDiv1\" style=\"display: none;\"></div>\\n\\","utility2-comment -->\\n\\","\\n\\","\\n\\","\\n\\","<label>stderr and stdout</label>\\n\\","<textarea class=\"resettable\" id=\"outputTextareaStdout1\" readonly></textarea>\\n\\","<!-- utility2-comment\\n\\","{{#if isRollup}}\\n\\","<script src=\"assets.app.js\"></script>\\n\\","{{#unless isRollup}}\\n\\","utility2-comment -->\\n\\","<script src=\"assets.utility2.rollup.js\"></script>\\n\\","<script src=\"jsonp.utility2._stateInit?callback=window.utility2._stateInit\"></script>\\n\\","<script src=\"assets.npmtest_newman.rollup.js\"></script>\\n\\","<script src=\"assets.example.js\"></script>\\n\\","<script src=\"assets.test.js\"></script>\\n\\","<!-- utility2-comment\\n\\","{{/if isRollup}}\\n\\","utility2-comment -->\\n\\","<div class=\"utility2FooterDiv\">\\n\\","    [ this app was created with\\n\\","    <a href=\"https://github.com/kaizhu256/node-utility2\" target=\"_blank\">utility2</a>\\n\\","    ]\\n\\","</div>\\n\\","</body>\\n\\","</html>\\n\\","';","        /* jslint-ignore-end */","        if (local.templateRender) {","            local.assetsDict['/'] = local.templateRender(","                local.assetsDict['/assets.index.template.html'],","                {","                    env: local.objectSetDefault(local.env, {","                        npm_package_description: 'the greatest app in the world!',","                        npm_package_name: 'my-app',","                        npm_package_nameAlias: 'my_app',","                        npm_package_version: '0.0.1'","                    })","                }","            );","        } else {","            local.assetsDict['/'] = local.assetsDict['/assets.index.template.html']","                .replace((/\\{\\{env\\.(\\w+?)\\}\\}/g), function (match0, match1) {","                    // jslint-hack","                    String(match0);","                    switch (match1) {","                    case 'npm_package_description':","                        return 'the greatest app in the world!';","                    case 'npm_package_name':","                        return 'my-app';","                    case 'npm_package_nameAlias':","                        return 'my_app';","                    case 'npm_package_version':","                        return '0.0.1';","                    }","                });","        }","        // run the cli","        if (local.global.utility2_rollup || module !== require.main) {","            break;","        }","        local.assetsDict['/assets.example.js'] =","            local.assetsDict['/assets.example.js'] ||","            local.fs.readFileSync(__filename, 'utf8');","        // bug-workaround - long $npm_package_buildCustomOrg","        /* jslint-ignore-begin */","        local.assetsDict['/assets.npmtest_newman.rollup.js'] =","            local.assetsDict['/assets.npmtest_newman.rollup.js'] ||","            local.fs.readFileSync(","                local.npmtest_newman.__dirname + '/lib.npmtest_newman.js',","                'utf8'","            ).replace((/^#!/), '//');","        /* jslint-ignore-end */","        local.assetsDict['/favicon.ico'] = local.assetsDict['/favicon.ico'] || '';","        // if $npm_config_timeout_exit exists,","        // then exit this process after $npm_config_timeout_exit ms","        if (Number(process.env.npm_config_timeout_exit)) {","            setTimeout(process.exit, Number(process.env.npm_config_timeout_exit));","        }","        // start server","        if (local.global.utility2_serverHttp1) {","            break;","        }","        process.env.PORT = process.env.PORT || '8081';","        console.error('server starting on port ' + process.env.PORT);","        local.http.createServer(function (request, response) {","            request.urlParsed = local.url.parse(request.url);","            if (local.assetsDict[request.urlParsed.pathname] !== undefined) {","                response.end(local.assetsDict[request.urlParsed.pathname]);","                return;","            }","            response.statusCode = 404;","            response.end();","        }).listen(process.env.PORT);","        break;","    }","}());",""],"l":{"26":2,"28":2,"33":2,"35":2,"37":2,"38":2,"39":2,"44":1,"51":2,"55":2,"59":2,"61":2,"69":1,"70":2,"76":2,"79":2,"82":2,"83":2,"85":1,"89":2,"92":1,"93":1,"94":1,"96":1,"97":1,"100":1,"101":1,"103":1,"106":1,"108":2,"114":1,"116":1,"118":1,"123":1,"124":2,"125":2,"126":3,"127":3,"128":3,"129":3,"130":1,"133":3,"134":3,"139":3,"143":1,"144":3,"145":1,"149":1,"150":1,"158":1,"160":1,"161":1,"162":1,"164":1,"166":1,"258":1,"259":1,"271":1,"274":6,"275":6,"277":1,"279":2,"281":1,"283":2,"288":1,"289":1,"291":1,"296":1,"303":1,"306":1,"307":1,"310":1,"311":1,"313":1,"314":1,"315":1,"316":1,"317":1,"318":1,"319":1,"321":1,"322":1,"324":1}},"/home/travis/build/npmtest/node-npmtest-newman/node_modules/newman/index.js":{"path":"/home/travis/build/npmtest/node-npmtest-newman/node_modules/newman/index.js","s":{"1":1},"b":{},"f":{},"fnMap":{},"statementMap":{"1":{"start":{"line":14,"column":0},"end":{"line":14,"column":34}}},"branchMap":{},"code":["/**!"," * @license Copyright 2016 Postdot Technologies, Inc."," *"," * Licensed under the Apache License, Version 2.0 (the \"License\");"," * you may not use this file except in compliance with the License."," * You may obtain a copy of the License at"," *"," *    http://www.apache.org/licenses/LICENSE-2.0"," *"," * Unless required by applicable law or agreed to in writing, software distributed under the License is distributed on"," * an \"AS IS\" BASIS, WITHOUT WARRANTIES OR CONDITIONS OF ANY KIND, either express or implied."," * See the License for the specific language governing permissions and limitations under the License."," */","module.exports = require('./lib');",""],"l":{"14":1}},"/home/travis/build/npmtest/node-npmtest-newman/node_modules/newman/lib/index.js":{"path":"/home/travis/build/npmtest/node-npmtest-newman/node_modules/newman/lib/index.js","s":{"1":1},"b":{},"f":{},"fnMap":{},"statementMap":{"1":{"start":{"line":1,"column":0},"end":{"line":4,"column":2}}},"branchMap":{},"code":["module.exports = {","    run: require('./run'),","    version: require('./version')","};",""],"l":{"1":1}},"/home/travis/build/npmtest/node-npmtest-newman/node_modules/newman/lib/run/index.js":{"path":"/home/travis/build/npmtest/node-npmtest-newman/node_modules/newman/lib/run/index.js","s":{"1":1,"2":1,"3":0,"4":0,"5":0,"6":0,"7":0,"8":0,"9":0,"10":0,"11":0,"12":0,"13":0,"14":0,"15":0,"16":0,"17":0,"18":0,"19":0,"20":0,"21":0,"22":0,"23":0,"24":0,"25":0,"26":0,"27":0,"28":0,"29":0,"30":0,"31":0,"32":0,"33":0,"34":0,"35":0,"36":0,"37":0,"38":0,"39":0,"40":0,"41":0,"42":0,"43":0,"44":0,"45":0,"46":0,"47":0,"48":0,"49":0,"50":0,"51":0,"52":0,"53":0,"54":0,"55":0,"56":0,"57":0,"58":0,"59":0,"60":0,"61":0,"62":0,"63":0,"64":0,"65":0,"66":0,"67":0,"68":0},"b":{"1":[0,0,0],"2":[0,0],"3":[0,0],"4":[0,0],"5":[0,0],"6":[0,0],"7":[0,0],"8":[0,0],"9":[0,0],"10":[0,0],"11":[0,0],"12":[0,0,0],"13":[0,0],"14":[0,0,0],"15":[0,0],"16":[0,0,0,0],"17":[0,0],"18":[0,0],"19":[0,0],"20":[0,0],"21":[0,0],"22":[0,0],"23":[0,0],"24":[0,0],"25":[0,0],"26":[0,0],"27":[0,0]},"f":{"1":0,"2":0,"3":0,"4":0,"5":0,"6":0,"7":0,"8":0,"9":0,"10":0,"11":0,"12":0,"13":0,"14":0,"15":0,"16":0,"17":0,"18":0,"19":0},"fnMap":{"1":{"name":"(anonymous_1)","line":65,"loc":{"start":{"line":65,"column":17},"end":{"line":65,"column":46}}},"2":{"name":"(anonymous_2)","line":77,"loc":{"start":{"line":77,"column":24},"end":{"line":77,"column":48}}},"3":{"name":"(anonymous_3)","line":120,"loc":{"start":{"line":120,"column":11},"end":{"line":120,"column":31}}},"4":{"name":"(anonymous_4)","line":126,"loc":{"start":{"line":126,"column":37},"end":{"line":126,"column":70}}},"5":{"name":"(anonymous_5)","line":128,"loc":{"start":{"line":128,"column":39},"end":{"line":128,"column":62}}},"6":{"name":"(anonymous_6)","line":134,"loc":{"start":{"line":134,"column":42},"end":{"line":134,"column":64}}},"7":{"name":"(anonymous_7)","line":153,"loc":{"start":{"line":153,"column":25},"end":{"line":153,"column":50}}},"8":{"name":"(anonymous_8)","line":169,"loc":{"start":{"line":169,"column":27},"end":{"line":169,"column":50}}},"9":{"name":"(anonymous_9)","line":184,"loc":{"start":{"line":184,"column":22},"end":{"line":184,"column":45}}},"10":{"name":"(anonymous_10)","line":201,"loc":{"start":{"line":201,"column":72},"end":{"line":201,"column":88}}},"11":{"name":"(anonymous_11)","line":218,"loc":{"start":{"line":218,"column":59},"end":{"line":218,"column":74}}},"12":{"name":"(anonymous_12)","line":229,"loc":{"start":{"line":229,"column":33},"end":{"line":229,"column":51}}},"13":{"name":"(anonymous_13)","line":235,"loc":{"start":{"line":235,"column":63},"end":{"line":235,"column":92}}},"14":{"name":"(anonymous_14)","line":252,"loc":{"start":{"line":252,"column":39},"end":{"line":252,"column":57}}},"15":{"name":"(anonymous_15)","line":259,"loc":{"start":{"line":259,"column":57},"end":{"line":259,"column":81}}},"16":{"name":"(anonymous_16)","line":268,"loc":{"start":{"line":268,"column":44},"end":{"line":268,"column":60}}},"17":{"name":"(anonymous_17)","line":306,"loc":{"start":{"line":306,"column":13},"end":{"line":306,"column":34}}},"18":{"name":"(anonymous_18)","line":308,"loc":{"start":{"line":308,"column":62},"end":{"line":308,"column":99}}},"19":{"name":"(anonymous_19)","line":317,"loc":{"start":{"line":317,"column":25},"end":{"line":317,"column":37}}}},"statementMap":{"1":{"start":{"line":1,"column":0},"end":{"line":48,"column":6}},"2":{"start":{"line":65,"column":0},"end":{"line":324,"column":2}},"3":{"start":{"line":67,"column":4},"end":{"line":70,"column":6}},"4":{"start":{"line":71,"column":4},"end":{"line":71,"column":51}},"5":{"start":{"line":73,"column":4},"end":{"line":74,"column":38}},"6":{"start":{"line":77,"column":4},"end":{"line":321,"column":7}},"7":{"start":{"line":78,"column":8},"end":{"line":80,"column":9}},"8":{"start":{"line":79,"column":12},"end":{"line":79,"column":33}},"9":{"start":{"line":83,"column":8},"end":{"line":85,"column":9}},"10":{"start":{"line":84,"column":12},"end":{"line":84,"column":80}},"11":{"start":{"line":88,"column":8},"end":{"line":88,"column":59}},"12":{"start":{"line":91,"column":8},"end":{"line":91,"column":29}},"13":{"start":{"line":94,"column":8},"end":{"line":320,"column":11}},"14":{"start":{"line":121,"column":12},"end":{"line":123,"column":100}},"15":{"start":{"line":126,"column":12},"end":{"line":141,"column":15}},"16":{"start":{"line":128,"column":16},"end":{"line":140,"column":18}},"17":{"start":{"line":129,"column":20},"end":{"line":130,"column":49}},"18":{"start":{"line":134,"column":20},"end":{"line":136,"column":23}},"19":{"start":{"line":135,"column":24},"end":{"line":135,"column":51}},"20":{"start":{"line":138,"column":20},"end":{"line":138,"column":49}},"21":{"start":{"line":139,"column":20},"end":{"line":139,"column":54}},"22":{"start":{"line":144,"column":12},"end":{"line":224,"column":15}},"23":{"start":{"line":154,"column":20},"end":{"line":158,"column":23}},"24":{"start":{"line":170,"column":20},"end":{"line":173,"column":23}},"25":{"start":{"line":188,"column":20},"end":{"line":192,"column":21}},"26":{"start":{"line":189,"column":24},"end":{"line":189,"column":67}},"27":{"start":{"line":190,"column":24},"end":{"line":190,"column":55}},"28":{"start":{"line":191,"column":24},"end":{"line":191,"column":31}},"29":{"start":{"line":196,"column":20},"end":{"line":199,"column":23}},"30":{"start":{"line":201,"column":20},"end":{"line":216,"column":23}},"31":{"start":{"line":203,"column":24},"end":{"line":203,"column":81}},"32":{"start":{"line":206,"column":24},"end":{"line":215,"column":27}},"33":{"start":{"line":218,"column":20},"end":{"line":222,"column":23}},"34":{"start":{"line":220,"column":24},"end":{"line":220,"column":67}},"35":{"start":{"line":221,"column":24},"end":{"line":221,"column":55}},"36":{"start":{"line":229,"column":12},"end":{"line":250,"column":15}},"37":{"start":{"line":232,"column":16},"end":{"line":233,"column":58}},"38":{"start":{"line":235,"column":16},"end":{"line":246,"column":19}},"39":{"start":{"line":236,"column":20},"end":{"line":244,"column":65}},"40":{"start":{"line":245,"column":20},"end":{"line":245,"column":31}},"41":{"start":{"line":249,"column":16},"end":{"line":249,"column":62}},"42":{"start":{"line":252,"column":12},"end":{"line":255,"column":15}},"43":{"start":{"line":254,"column":16},"end":{"line":254,"column":116}},"44":{"start":{"line":258,"column":12},"end":{"line":258,"column":59}},"45":{"start":{"line":259,"column":12},"end":{"line":303,"column":15}},"46":{"start":{"line":261,"column":16},"end":{"line":261,"column":71}},"47":{"start":{"line":261,"column":62},"end":{"line":261,"column":69}},"48":{"start":{"line":263,"column":16},"end":{"line":263,"column":62}},"49":{"start":{"line":266,"column":16},"end":{"line":283,"column":17}},"50":{"start":{"line":267,"column":20},"end":{"line":282,"column":37}},"51":{"start":{"line":268,"column":24},"end":{"line":278,"column":42}},"52":{"start":{"line":269,"column":28},"end":{"line":270,"column":106}},"53":{"start":{"line":272,"column":28},"end":{"line":275,"column":29}},"54":{"start":{"line":273,"column":32},"end":{"line":273,"column":47}},"55":{"start":{"line":274,"column":32},"end":{"line":274,"column":65}},"56":{"start":{"line":277,"column":28},"end":{"line":277,"column":70}},"57":{"start":{"line":285,"column":16},"end":{"line":296,"column":17}},"58":{"start":{"line":288,"column":20},"end":{"line":289,"column":82}},"59":{"start":{"line":295,"column":20},"end":{"line":295,"column":40}},"60":{"start":{"line":299,"column":16},"end":{"line":302,"column":17}},"61":{"start":{"line":301,"column":20},"end":{"line":301,"column":100}},"62":{"start":{"line":306,"column":12},"end":{"line":314,"column":34}},"63":{"start":{"line":308,"column":16},"end":{"line":310,"column":20}},"64":{"start":{"line":309,"column":20},"end":{"line":309,"column":66}},"65":{"start":{"line":312,"column":16},"end":{"line":313,"column":116}},"66":{"start":{"line":317,"column":12},"end":{"line":319,"column":15}},"67":{"start":{"line":318,"column":16},"end":{"line":318,"column":37}},"68":{"start":{"line":323,"column":4},"end":{"line":323,"column":19}}},"branchMap":{"1":{"line":67,"type":"binary-expr","locations":[{"start":{"line":67,"column":5},"end":{"line":67,"column":14}},{"start":{"line":67,"column":18},"end":{"line":67,"column":39}},{"start":{"line":68,"column":8},"end":{"line":69,"column":22}}]},"2":{"line":71,"type":"binary-expr","locations":[{"start":{"line":71,"column":4},"end":{"line":71,"column":27}},{"start":{"line":71,"column":32},"end":{"line":71,"column":49}}]},"3":{"line":78,"type":"if","locations":[{"start":{"line":78,"column":8},"end":{"line":78,"column":8}},{"start":{"line":78,"column":8},"end":{"line":78,"column":8}}]},"4":{"line":83,"type":"if","locations":[{"start":{"line":83,"column":8},"end":{"line":83,"column":8}},{"start":{"line":83,"column":8},"end":{"line":83,"column":8}}]},"5":{"line":106,"type":"cond-expr","locations":[{"start":{"line":106,"column":46},"end":{"line":106,"column":81}},{"start":{"line":106,"column":84},"end":{"line":106,"column":93}}]},"6":{"line":110,"type":"cond-expr","locations":[{"start":{"line":110,"column":69},"end":{"line":110,"column":93}},{"start":{"line":110,"column":96},"end":{"line":110,"column":105}}]},"7":{"line":111,"type":"cond-expr","locations":[{"start":{"line":111,"column":56},"end":{"line":111,"column":73}},{"start":{"line":111,"column":76},"end":{"line":111,"column":85}}]},"8":{"line":113,"type":"binary-expr","locations":[{"start":{"line":113,"column":26},"end":{"line":113,"column":47}},{"start":{"line":113,"column":51},"end":{"line":119,"column":15}}]},"9":{"line":123,"type":"cond-expr","locations":[{"start":{"line":123,"column":60},"end":{"line":123,"column":79}},{"start":{"line":123,"column":82},"end":{"line":123,"column":99}}]},"10":{"line":188,"type":"if","locations":[{"start":{"line":188,"column":20},"end":{"line":188,"column":20}},{"start":{"line":188,"column":20},"end":{"line":188,"column":20}}]},"11":{"line":206,"type":"binary-expr","locations":[{"start":{"line":206,"column":24},"end":{"line":206,"column":28}},{"start":{"line":206,"column":32},"end":{"line":215,"column":26}}]},"12":{"line":233,"type":"binary-expr","locations":[{"start":{"line":233,"column":27},"end":{"line":233,"column":28}},{"start":{"line":233,"column":32},"end":{"line":233,"column":39}},{"start":{"line":233,"column":43},"end":{"line":233,"column":57}}]},"13":{"line":236,"type":"cond-expr","locations":[{"start":{"line":236,"column":56},"end":{"line":236,"column":60}},{"start":{"line":236,"column":63},"end":{"line":244,"column":21}}]},"14":{"line":243,"type":"binary-expr","locations":[{"start":{"line":243,"column":30},"end":{"line":243,"column":38}},{"start":{"line":243,"column":42},"end":{"line":243,"column":59}},{"start":{"line":243,"column":63},"end":{"line":243,"column":64}}]},"15":{"line":249,"type":"binary-expr","locations":[{"start":{"line":249,"column":16},"end":{"line":249,"column":20}},{"start":{"line":249,"column":24},"end":{"line":249,"column":61}}]},"16":{"line":254,"type":"binary-expr","locations":[{"start":{"line":254,"column":16},"end":{"line":254,"column":17}},{"start":{"line":254,"column":21},"end":{"line":254,"column":28}},{"start":{"line":254,"column":32},"end":{"line":254,"column":39}},{"start":{"line":254,"column":43},"end":{"line":254,"column":115}}]},"17":{"line":258,"type":"binary-expr","locations":[{"start":{"line":258,"column":12},"end":{"line":258,"column":30}},{"start":{"line":258,"column":35},"end":{"line":258,"column":57}}]},"18":{"line":259,"type":"binary-expr","locations":[{"start":{"line":259,"column":12},"end":{"line":259,"column":32}},{"start":{"line":259,"column":36},"end":{"line":303,"column":14}}]},"19":{"line":261,"type":"if","locations":[{"start":{"line":261,"column":16},"end":{"line":261,"column":16}},{"start":{"line":261,"column":16},"end":{"line":261,"column":16}}]},"20":{"line":266,"type":"if","locations":[{"start":{"line":266,"column":16},"end":{"line":266,"column":16}},{"start":{"line":266,"column":16},"end":{"line":266,"column":16}}]},"21":{"line":270,"type":"binary-expr","locations":[{"start":{"line":270,"column":41},"end":{"line":270,"column":63}},{"start":{"line":270,"column":68},"end":{"line":270,"column":105}}]},"22":{"line":272,"type":"if","locations":[{"start":{"line":272,"column":28},"end":{"line":272,"column":28}},{"start":{"line":272,"column":28},"end":{"line":272,"column":28}}]},"23":{"line":288,"type":"binary-expr","locations":[{"start":{"line":288,"column":20},"end":{"line":288,"column":28}},{"start":{"line":288,"column":33},"end":{"line":289,"column":80}}]},"24":{"line":299,"type":"if","locations":[{"start":{"line":299,"column":16},"end":{"line":299,"column":16}},{"start":{"line":299,"column":16},"end":{"line":299,"column":16}}]},"25":{"line":299,"type":"binary-expr","locations":[{"start":{"line":299,"column":22},"end":{"line":299,"column":44}},{"start":{"line":299,"column":48},"end":{"line":299,"column":91}}]},"26":{"line":309,"type":"binary-expr","locations":[{"start":{"line":309,"column":20},"end":{"line":309,"column":37}},{"start":{"line":309,"column":42},"end":{"line":309,"column":64}}]},"27":{"line":312,"type":"binary-expr","locations":[{"start":{"line":312,"column":17},"end":{"line":312,"column":37}},{"start":{"line":313,"column":20},"end":{"line":313,"column":115}}]}},"code":["var fs = require('fs'),","    _ = require('lodash'),","    sdk = require('postman-collection'),","    asyncEach = require('async/each'),","    EventEmitter = require('eventemitter3'),","    runtime = require('postman-runtime'),","    util = require('../util'),","    exportFile = require('./export-file'),","    RunSummary = require('./summary'),","    getOptions = require('./options'),","    request = require('postman-request'),","","    /**","     * This object describes the various events raised by Newman, and what each event argument contains.","     * Error and cursor are present in all events.","     *","     * @type {Object}","     */","    runtimeEvents = {","        start: [],","        beforeIteration: [],","        beforeItem: ['item'],","        beforePrerequest: ['events', 'item'],","        prerequest: ['executions', 'item'],","        beforeRequest: ['request', 'item'],","        request: ['response', 'request', 'item'],","        beforeTest: ['events', 'item'],","        test: ['executions', 'item'],","        item: ['item'],","        iteration: [],","        beforeScript: ['script', 'event', 'item'],","        script: ['execution', 'script', 'event', 'item']","    },","","    /**","     * load all the default reporters here. if you have new reporter, add it to this list","     * we know someone, who does not like dynamic requires","     *","     * @type {Object}","     */","    defaultReporters = {","        cli: require('../reporters/cli'),","        json: require('../reporters/json'),","        html: require('../reporters/html'),","        junit: require('../reporters/junit'),","        progress: require('../reporters/progress'),","        emojitrain: require('../reporters/emojitrain')","    };","","/**"," * Runs the collection, with all the provided options, returning an EventEmitter."," *"," * @param {Object} options - The set of wrapped options, passed by the CLI parser."," * @param {Collection|Object|String} options.collection - A JSON / Collection / String representing the collection."," * @param {Object|String} options.environment - An environment JSON / file path for the current collection run."," * @param {Object|String} options.globals - A globals JSON / file path for the current collection run."," * @param {Object|String} options.iterationData - An iterationDate JSON / file path for the current collection run."," * @param {Object|String} options.reporters - A set of reporter names and their associated options for the current run."," * @param {String} options.exportGlobals - The relative path to export the globals file from the current run to."," * @param {String} options.exportEnvironment - The relative path to export the environment file from the current run to."," * @param {String} options.exportCollection - The relative path to export the collection from the current run to."," * @param {Function} callback - The callback function invoked to mark the end of the collection run."," * @returns {EventEmitter} - An EventEmitter instance with done and error event attachments."," */","module.exports = function (options, callback) {","    // validate all options. it is to be noted that `options` parameter is option and is polymorphic","    (!callback && _.isFunction(options)) && (","        (callback = options),","        (options = {})","    );","    !_.isFunction(callback) && (callback = _.noop);","","    var emitter = new EventEmitter(), // @todo: create a new inherited constructor","        runner = new runtime.Runner();","","    // get the configuration from various sources","    getOptions(options, function (err, options) {","        if (err) {","            return callback(err);","        }","","        // ensure that the collection option is present before starting a run","        if (!_.isObject(options.collection)) {","            return callback(new Error('newman: expecting a collection to run'));","        }","","        // store summary object and other relevant information inside the emitter","        emitter.summary = new RunSummary(emitter, options);","","        // to store the exported content from reporters","        emitter.exports = [];","","        // now start the run!","        runner.run(options.collection, {","            stopOnFailure: options.bail, // LOL, you just got trolled ¯\\_(ツ)_/¯","            abortOnFailure: options.abortOnFailure, // used in integration tests, to be considered for a future release","            iterationCount: options.iterationCount,","            environment: options.environment,","            globals: options.globals,","            entrypoint: options.folder,","            data: options.iterationData,","            delay: {","                item: options.delayRequest","            },","            // todo: add support for more types of timeouts, currently only request is supported","            timeout: options.timeoutRequest ? { request: options.timeoutRequest } : undefined,","            fileResolver: fs,","            requester: {","                cookieJar: request.jar(),","                followRedirects: _.has(options, 'ignoreRedirects') ? !options.ignoreRedirects : undefined,","                strictSSL: _.has(options, 'insecure') ? !options.insecure : undefined","            },","            certificates: options.sslClientCert && new sdk.CertificateList({}, [{","                name: 'client-cert',","                matches: [sdk.UrlMatchPattern.MATCH_ALL_URLS],","                key: { src: options.sslClientKey },","                cert: { src: options.sslClientCert },","                passphrase: options.sslClientPassphrase","            }])","        }, function (err, run) {","            var callbacks = {},","                // ensure that the reporter option type polymorphism is handled","                reporters = _.isString(options.reporters) ? [options.reporters] : options.reporters;","","            // emit events for all the callbacks triggered by the runtime","            _.forEach(runtimeEvents, function (definition, eventName) {","                // intercept each runtime.* callback and expose a global object based event","                callbacks[eventName] = function (err, cursor) {","                    var args = arguments,","                        obj = { cursor: cursor };","","                    // convert the arguments into an object by taking the key name reference from the definition","                    // object","                    _.forEach(definition, function (key, index) {","                        obj[key] = args[index + 2]; // first two are err, cursor","                    });","","                    args = [eventName, err, obj];","                    emitter.emit.apply(emitter, args); // eslint-disable-line prefer-spread","                };","            });","","            // add non generic callback handling","            _.assignIn(callbacks, {","","                /**","                 * Bubbles up console messages.","                 *","                 * @param {Object} cursor - The run cursor instance.","                 * @param {String} level - The level of console logging [error, silent, etc].","                 * @returns {*}","                 */","                console: function (cursor, level) {","                    emitter.emit('console', null, {","                        cursor: cursor,","                        level: level,","                        messages: _.slice(arguments, 2)","                    });","                },","","                /**","                 * The exception handler for the current run instance.","                 *","                 * @todo Fix bug of arg order in runtime.","                 * @param {Object} cursor - The run cursor.","                 * @param {?Error} err - An Error instance / null object.","                 * @returns {*}","                 */","                exception: function (cursor, err) {","                    emitter.emit('exception', null, {","                        cursor: cursor,","                        error: err","                    });","                },","","                /**","                 * Custom callback to override the `done` event to fire the end callback.","                 *","                 * @todo Do some memory cleanup here?","                 * @param {?Error} err - An error instance / null passed from the done event handler.","                 * @param {Object} cursor - The run instance cursor.","                 * @returns {*}","                 */","                done: function (err, cursor) {","                    // in case runtime faced an error during run, we do not process any other event and emit `done`.","                    // we do it this way since, an error in `done` callback would have anyway skipped any intermediate","                    // events or callbacks","                    if (err) {","                        emitter.emit('done', err, emitter.summary);","                        callback(err, emitter.summary);","                        return;","                    }","","                    // we emit a `beforeDone` event so that reporters and other such addons can do computation before","                    // the run is marked as done","                    emitter.emit('beforeDone', null, {","                        cursor: cursor,","                        summary: emitter.summary","                    });","","                    _.forEach(['environment', 'globals', 'collection'], function (item) {","                        // fetch the path name from options if one is provided","                        var path = _.get(options, _.camelCase(`export-${item}`));","","                        // if the options have an export path, then add the item to export queue","                        path && emitter.exports.push({","                            name: item,","                            default: `newman-${item}.json`,","                            path: path,","                            content: _.merge(emitter.summary[item].toJSON(), {","                                _postman_variable_scope: item,","                                _postman_exported_at: (new Date()).toISOString(),","                                _postman_exported_using: util.userAgent","                            })","                        });","                    });","","                    asyncEach(emitter.exports, exportFile, function (err) {","                        // we now trigger actual done event which we had overridden","                        emitter.emit('done', err, emitter.summary);","                        callback(err, emitter.summary);","                    });","                }","            });","","            // generate pseudo assertion events since runtime does not trigger assertion events yet.","            // without this, all reporters would needlessly need to extract assertions and create an error object","            // out of it","            emitter.on('script', function (err, o) {","                // we iterate on each test assertion to trigger an event. during this, we create a pseudo error object","                // for the assertion","                var index = 0,","                    type = o && o.event && o.event.listen;","","                _.forEach(_.get(o.execution, 'globals.tests'), function (passed, assertion) {","                    emitter.emit('assertion', (passed ? null : {","                        name: 'AssertionFailure',","                        index: index,","                        message: assertion,","","                        stack: 'AssertionFailure: Expected tests[\"' + assertion + '\"] to be truth-like\\n' +","                            '   at Object.eval test.js:' + (index + 1) + ':' +","                            ((o.cursor && o.cursor.position || 0) + 1) + ')'","                    }), _.assignIn({ assertion: assertion }, o));","                    index += 1;","                });","","                // bubble special script name based events","                type && emitter.emit(type + 'Script', err, o);","            });","","            emitter.on('beforeScript', function (err, o) {","                // bubble special script name based events","                o && o.event && o.event && emitter.emit(_.camelCase('before-' + o.event.listen + 'Script'), err, o);","            });","","            // initialise all the reporters","            !emitter.reporters && (emitter.reporters = {});","            _.isArray(reporters) && _.forEach(reporters, function (reporterName) {","                // disallow duplicate reporter initialisation","                if (_.has(emitter.reporters, reporterName)) { return; }","","                var Reporter = defaultReporters[reporterName];","","                // check if the reporter is not a local reporter, then load an external reporter","                if (!Reporter) {","                    try {","                        Reporter = require((function (name) { // ensure scoped packages are loaded","                            var prefix = '',","                                scope = (name.charAt(0) === '@') && name.substr(0, name.indexOf('/') + 1);","","                            if (scope) {","                                prefix = scope;","                                name = name.substr(scope.length);","                            }","","                            return prefix + 'newman-reporter-' + name;","                        }(reporterName)));","                    }","                    // we suppress this error since, the check of missing error is done later","                    // @todo - maybe have a debug mode and log error there","                    catch (error) { } // eslint-disable-line no-empty","                }","","                try {","                    // we could have checked _.isFunction(Reporter), here, but we do not do that so that the nature of","                    // reporter error can be bubbled up","                    Reporter && (emitter.reporters[reporterName] = new Reporter(emitter,","                        _.get(options, 'reporter.' + reporterName, {}), options));","                }","                catch (error) {","                    // if the reporter errored out during initialisation, we should not stop the run simply log","                    // the error stack trace for debugging","                    // @todo: route this via print module to respect silent flags","                    console.warn(error);","                }","","                // if the reporter is not loaded then we need to warn users","                if (!(_.isFunction(Reporter) && _.isObject(emitter.reporters[reporterName]))) {","                    // @todo: route this via print module to respect silent flags","                    console.warn(`newman warning: \"${reporterName}\" reporter could not be loaded.`);","                }","            });","","            // raise warning when more than one dominant reporters are used","            (function (reporters) {","                // find all reporters whose `dominant` key is set to true","                var conflicts = _.keys(_.transform(reporters, function (c
[...]
:8},"end":{"line":15,"column":15}},"5":{"start":{"line":18,"column":4},"end":{"line":18,"column":35}},"6":{"start":{"line":20,"column":4},"end":{"line":22,"column":7}},"7":{"start":{"line":21,"column":8},"end":{"line":21,"column":56}},"8":{"start":{"line":24,"column":4},"end":{"line":26,"column":7}},"9":{"start":{"line":25,"column":8},"end":{"line":25,"column":24}},"10":{"start":{"line":28,"column":4},"end":{"line":30,"column":7}},"11":{"start":{"line":29,"column":8},"end":{"line":29,"column":19}},"12":{"start":{"line":33,"column":0},"end":{"line":33,"column":43}},"13":{"start":{"line":34,"column":0},"end":{"line":34,"column":34}}},"branchMap":{"1":{"line":14,"type":"if","locations":[{"start":{"line":14,"column":4},"end":{"line":14,"column":4}},{"start":{"line":14,"column":4},"end":{"line":14,"column":4}}]},"2":{"line":14,"type":"binary-expr","locations":[{"start":{"line":14,"column":8},"end":{"line":14,"column":22}},{"start":{"line":14,"column":26},"end":{"line":14,"column":48}}]}},"code":["var progress = require('cli-progress'),","    ProgressReporter;","","/**"," * Little reporter that generates a collection progress status bar on CLI."," *"," * @param {Object} newman - A run object with event handler specification methods."," * @param {Function} newman.on - An event setter method that provides hooks for reporting collection run progress."," * @param {Object} reporterOptions - A set of reporter specific run options."," * @param {Object} options - A set of generic collection run options."," * @returns {*}"," */","ProgressReporter = function (newman, reporterOptions, options) {","    if (options.silent || reporterOptions.silent) {","        return;","    }","","    var bar = new progress.Bar({});","","    newman.on('start', function (err, o) {","        bar.start(o.cursor.length * o.cursor.cycles, 0);","    });","","    newman.on('item', function () {","        bar.increment();","    });","","    newman.on('done', function () {","        bar.stop();","    });","};","","ProgressReporter.prototype.dominant = true;","module.exports = ProgressReporter;",""],"l":{"1":1,"13":1,"14":0,"15":0,"18":0,"20":0,"21":0,"24":0,"25":0,"28":0,"29":0,"33":1,"34":1}},"/home/travis/build/npmtest/node-npmtest-newman/node_modules/newman/lib/reporters/emojitrain.js":{"path":"/home/travis/build/npmtest/node-npmtest-newman/node_modules/newman/lib/reporters/emojitrain.js","s":{"1":1,"2":1,"3":0,"4":0,"5":0,"6":0,"7":0,"8":0,"9":0,"10":0,"11":0,"12":0,"13":0,"14":0,"15":1,"16":1},"b":{"1":[0,0],"2":[0,0],"3":[0,0],"4":[0,0],"5":[0,0],"6":[0,0],"7":[0,0]},"f":{"1":0,"2":0,"3":0,"4":0},"fnMap":{"1":{"name":"(anonymous_1)","line":11,"loc":{"start":{"line":11,"column":17},"end":{"line":11,"column":61}}},"2":{"name":"(anonymous_2)","line":19,"loc":{"start":{"line":19,"column":18},"end":{"line":19,"column":39}}},"3":{"name":"(anonymous_3)","line":27,"loc":{"start":{"line":27,"column":22},"end":{"line":27,"column":43}}},"4":{"name":"(anonymous_4)","line":31,"loc":{"start":{"line":31,"column":22},"end":{"line":31,"column":37}}}},"statementMap":{"1":{"start":{"line":1,"column":0},"end":{"line":1,"column":19}},"2":{"start":{"line":11,"column":0},"end":{"line":34,"column":2}},"3":{"start":{"line":12,"column":4},"end":{"line":14,"column":5}},"4":{"start":{"line":13,"column":8},"end":{"line":13,"column":15}},"5":{"start":{"line":16,"column":4},"end":{"line":17,"column":20}},"6":{"start":{"line":19,"column":4},"end":{"line":21,"column":6}},"7":{"start":{"line":20,"column":8},"end":{"line":20,"column":47}},"8":{"start":{"line":23,"column":4},"end":{"line":23,"column":37}},"9":{"start":{"line":24,"column":4},"end":{"line":24,"column":38}},"10":{"start":{"line":25,"column":4},"end":{"line":25,"column":40}},"11":{"start":{"line":27,"column":4},"end":{"line":29,"column":7}},"12":{"start":{"line":28,"column":8},"end":{"line":28,"column":78}},"13":{"start":{"line":31,"column":4},"end":{"line":33,"column":7}},"14":{"start":{"line":32,"column":8},"end":{"line":32,"column":73}},"15":{"start":{"line":36,"column":0},"end":{"line":36,"column":41}},"16":{"start":{"line":37,"column":0},"end":{"line":37,"column":32}}},"branchMap":{"1":{"line":12,"type":"if","locations":[{"start":{"line":12,"column":4},"end":{"line":12,"column":4}},{"start":{"line":12,"column":4},"end":{"line":12,"column":4}}]},"2":{"line":12,"type":"binary-expr","locations":[{"start":{"line":12,"column":8},"end":{"line":12,"column":22}},{"start":{"line":12,"column":26},"end":{"line":12,"column":48}}]},"3":{"line":20,"type":"binary-expr","locations":[{"start":{"line":20,"column":8},"end":{"line":20,"column":11}},{"start":{"line":20,"column":16},"end":{"line":20,"column":45}}]},"4":{"line":28,"type":"cond-expr","locations":[{"start":{"line":28,"column":63},"end":{"line":28,"column":68}},{"start":{"line":28,"column":71},"end":{"line":28,"column":76}}]},"5":{"line":28,"type":"binary-expr","locations":[{"start":{"line":28,"column":30},"end":{"line":28,"column":33}},{"start":{"line":28,"column":37},"end":{"line":28,"column":59}}]},"6":{"line":32,"type":"cond-expr","locations":[{"start":{"line":32,"column":58},"end":{"line":32,"column":63}},{"start":{"line":32,"column":66},"end":{"line":32,"column":71}}]},"7":{"line":32,"type":"binary-expr","locations":[{"start":{"line":32,"column":22},"end":{"line":32,"column":25}},{"start":{"line":32,"column":29},"end":{"line":32,"column":54}}]}},"code":["var SmileyReporter;","","/**"," * Fills your collection run (read life) with a bunch of Emojis 😀."," *"," * @param {Object} newman - The collection run object with event handling hooks to enable reporting."," * @param {Object} reporterOptions - A set of reporter specific run options."," * @param {Object} options - A set of generic collection run options."," * @returns {*}"," */","SmileyReporter = function (newman, reporterOptions, options) {","    if (options.silent || reporterOptions.silent) {","        return;","    }","","    var fails = {},","        noteFailure;","","    noteFailure = function (err, args) {","        err && (fails[args.cursor.ref] = true);","    };","","    newman.on('script', noteFailure);","    newman.on('request', noteFailure);","    newman.on('assertion', noteFailure);","","    newman.on('item', function (err, args) {","        process.stdout.write((err || fails[args.cursor.ref]) ? '😢 ' : '😀 ');","    });","","    newman.on('done', function (err) {","        console.info((err || Object.keys(fails).length) ? ' 😭' : ' 😍');","    });","};","","SmileyReporter.prototype.dominant = true;","module.exports = SmileyReporter;",""],"l":{"1":1,"11":1,"12":0,"13":0,"16":0,"19":0,"20":0,"23":0,"24":0,"25":0,"27":0,"28":0,"31":0,"32":0,"36":1,"37":1}},"/home/travis/build/npmtest/node-npmtest-newman/node_modules/newman/lib/version.js":{"path":"/home/travis/build/npmtest/node-npmtest-newman/node_modules/newman/lib/version.js","s":{"1":1,"2":1,"3":0},"b":{},"f":{"1":0},"fnMap":{"1":{"name":"(anonymous_1)","line":3,"loc":{"start":{"line":3,"column":17},"end":{"line":3,"column":29}}}},"statementMap":{"1":{"start":{"line":1,"column":0},"end":{"line":1,"column":44}},"2":{"start":{"line":3,"column":0},"end":{"line":5,"column":2}},"3":{"start":{"line":4,"column":4},"end":{"line":4,"column":26}}},"branchMap":{},"code":["var version = require('../package').version;","","module.exports = function () {","    console.info(version);","};",""],"l":{"1":1,"3":1,"4":0}},"/home/travis/build/npmtest/node-npmtest-newman/node_modules/newman/bin/newman.js":{"path":"/home/travis/build/npmtest/node-npmtest-newman/node_modules/newman/bin/newman.js","s":{"1":2,"2":0,"3":0,"4":0,"5":0,"6":0,"7":0,"8":0,"9":0,"10":0,"11":0,"12":0,"13":0,"14":0,"15":0,"16":0,"17":0,"18":0},"b":{"1":[0,0],"2":[0,0],"3":[0,0],"4":[0,0],"5":[0,0,0],"6":[0,0],"7":[0,0],"8":[0,0],"9":[0,0],"10":[0,0]},"f":{"1":0,"2":0,"3":0},"fnMap":{"1":{"name":"(anonymous_1)","line":16,"loc":{"start":{"line":16,"column":15},"end":{"line":16,"column":44}}},"2":{"name":"(anonymous_2)","line":27,"loc":{"start":{"line":27,"column":37},"end":{"line":27,"column":58}}},"3":{"name":"(anonymous_3)","line":34,"loc":{"start":{"line":34,"column":19},"end":{"line":34,"column":43}}}},"statementMap":{"1":{"start":{"line":2,"column":0},"end":{"line":2,"column":37}},"2":{"start":{"line":4,"column":0},"end":{"line":25,"column":6}},"3":{"start":{"line":17,"column":8},"end":{"line":17,"column":38}},"4":{"start":{"line":19,"column":8},"end":{"line":24,"column":9}},"5":{"start":{"line":20,"column":12},"end":{"line":20,"column":56}},"6":{"start":{"line":23,"column":12},"end":{"line":23,"column":81}},"7":{"start":{"line":27,"column":0},"end":{"line":46,"column":3}},"8":{"start":{"line":28,"column":4},"end":{"line":32,"column":5}},"9":{"start":{"line":29,"column":8},"end":{"line":29,"column":50}},"10":{"start":{"line":30,"column":8},"end":{"line":30,"column":42}},"11":{"start":{"line":31,"column":8},"end":{"line":31,"column":31}},"12":{"start":{"line":34,"column":4},"end":{"line":45,"column":7}},"13":{"start":{"line":35,"column":8},"end":{"line":35,"column":79}},"14":{"start":{"line":37,"column":8},"end":{"line":40,"column":9}},"15":{"start":{"line":38,"column":12},"end":{"line":38,"column":47}},"16":{"start":{"line":39,"column":12},"end":{"line":39,"column":46}},"17":{"start":{"line":42,"column":8},"end":{"line":44,"column":9}},"18":{"start":{"line":43,"column":12},"end":{"line":43,"column":28}}},"branchMap":{"1":{"line":19,"type":"if","locations":[{"start":{"line":19,"column":8},"end":{"line":19,"column":8}},{"start":{"line":19,"column":8},"end":{"line":19,"column":8}}]},"2":{"line":28,"type":"if","locations":[{"start":{"line":28,"column":4},"end":{"line":28,"column":4}},{"start":{"line":28,"column":4},"end":{"line":28,"column":4}}]},"3":{"line":29,"type":"binary-expr","locations":[{"start":{"line":29,"column":8},"end":{"line":29,"column":16}},{"start":{"line":29,"column":20},"end":{"line":29,"column":49}}]},"4":{"line":30,"type":"binary-expr","locations":[{"start":{"line":30,"column":22},"end":{"line":30,"column":33}},{"start":{"line":30,"column":37},"end":{"line":30,"column":40}}]},"5":{"line":35,"type":"binary-expr","locations":[{"start":{"line":35,"column":23},"end":{"line":35,"column":26}},{"start":{"line":35,"column":30},"end":{"line":35,"column":47}},{"start":{"line":35,"column":51},"end":{"line":35,"column":78}}]},"6":{"line":37,"type":"if","locations":[{"start":{"line":37,"column":8},"end":{"line":37,"column":8}},{"start":{"line":37,"column":8},"end":{"line":37,"column":8}}]},"7":{"line":38,"type":"binary-expr","locations":[{"start":{"line":38,"column":12},"end":{"line":38,"column":20}},{"start":{"line":38,"column":24},"end":{"line":38,"column":46}}]},"8":{"line":39,"type":"binary-expr","locations":[{"start":{"line":39,"column":26},"end":{"line":39,"column":37}},{"start":{"line":39,"column":41},"end":{"line":39,"column":44}}]},"9":{"line":42,"type":"if","locations":[{"start":{"line":42,"column":8},"end":{"line":42,"column":8}},{"start":{"line":42,"column":8},"end":{"line":42,"column":8}}]},"10":{"line":42,"type":"binary-expr","locations":[{"start":{"line":42,"column":12},"end":{"line":42,"column":20}},{"start":{"line":42,"column":24},"end":{"line":42,"column":60}}]}},"code":["//#!/usr/bin/env node","require('../lib/node-version-check'); // @note that this should not respect CLI --silent","","var _ = require('lodash'),","","    cli = require('../lib/cli'),","    newman = require('../'),","","    /**","     * Calls the appropriate Newman command.","     *","     * @param {Object} options - The set of options passed via the CLI, including the command, and other details.","     * @param {Function} callback - The function called to mark the completion of command parsing.","     * @returns {*}","     */","    dispatch = function (options, callback) {","        var command = options.command;","","        if (_.isFunction(newman[command])) {","            newman[command](options[command], callback);","        }","        else {","            callback(new Error('Oops, unsupported command: ' + options.command));","        }","    };","","cli(process.argv.slice(2), 'newman', function (err, args) {","    if (err) {","        err.help && console.info(err.help + '\\n');  // will print out usage information.","        console.error(err.message || err);","        return process.exit(1); // @todo: args do not arrive on CLI error hence cannot read `-x`","    }","","    dispatch(args, function (err, summary) {","        var runError = err || summary.run.error || summary.run.failures.length;","","        if (err) {","            err.help && console.info(err.help);  // will print out usage information.","            console.error(err.message || err);","        }","","        if (runError && !_.get(args, 'run.suppressExitCode')) {","            process.exit(1);","        }","    });","});",""],"l":{"2":2,"4":0,"17":0,"19":0,"20":0,"23":0,"27":0,"28":0,"29":0,"30":0,"31":0,"34":0,"35":0,"37":0,"38":0,"39":0,"42":0,"43":0}},"/home/travis/build/npmtest/node-npmtest-newman/node_modules/newman/npm/publish-wiki.js":{"path":"/home/travis/build/npmtest/node-npmtest-newman/node_modules/newman/npm/publish-wiki.js","s":{"1":1,"2":1,"3":1,"4":1,"5":0,"6":0,"7":0,"8":0,"9":0,"10":0,"11":0,"12":0,"13":0,"14":0,"15":0,"16":0,"17":0,"18":0,"19":0,"20":0,"21":0,"22":0,"23":0,"24":0,"25":1},"b":{"1":[0,0],"2":[1,0]},"f":{"1":0,"2":0,"3":0,"4":0,"5":0,"6":0,"7":0},"fnMap":{"1":{"name":"(anonymous_1)","line":14,"loc":{"start":{"line":14,"column":17},"end":{"line":14,"column":33}}},"2":{"name":"(anonymous_2)","line":26,"loc":{"start":{"line":26,"column":8},"end":{"line":26,"column":24}}},"3":{"name":"(anonymous_3)","line":46,"loc":{"start":{"line":46,"column":8},"end":{"line":46,"column":24}}},"4":{"name":"(anonymous_4)","line":66,"loc":{"start":{"line":66,"column":16},"end":{"line":66,"column":38}}},"5":{"name":"(anonymous_5)","line":77,"loc":{"start":{"line":77,"column":8},"end":{"line":77,"column":24}}},"6":{"name":"(anonymous_6)","line":84,"loc":{"start":{"line":84,"column":43},"end":{"line":84,"column":59}}},"7":{"name":"(anonymous_7)","line":89,"loc":{"start":{"line":89,"column":7},"end":{"line":89,"column":23}}}},"statementMap":{"1":{"start":{"line":3,"column":0},"end":{"line":3,"column":26}},"2":{"start":{"line":4,"column":0},"end":{"line":4,"column":18}},"3":{"start":{"line":6,"column":0},"end":{"line":12,"column":56}},"4":{"start":{"line":14,"column":0},"end":{"line":94,"column":2}},"5":{"start":{"line":16,"column":4},"end":{"line":93,"column":7}},"6":{"start":{"line":27,"column":12},"end":{"line":27,"column":59}},"7":{"start":{"line":31,"column":12},"end":{"line":31,"column":39}},"8":{"start":{"line":32,"column":12},"end":{"line":32,"column":37}},"9":{"start":{"line":37,"column":12},"end":{"line":37,"column":73}},"10":{"start":{"line":47,"column":12},"end":{"line":49,"column":24}},"11":{"start":{"line":52,"column":12},"end":{"line":52,"column":79}},"12":{"start":{"line":55,"column":12},"end":{"line":55,"column":49}},"13":{"start":{"line":58,"column":12},"end":{"line":58,"column":60}},"14":{"start":{"line":60,"column":12},"end":{"line":68,"column":21}},"15":{"start":{"line":67,"column":16},"end":{"line":67,"column":57}},"16":{"start":{"line":79,"column":12},"end":{"line":79,"column":33}},"17":{"start":{"line":81,"column":12},"end":{"line":81,"column":33}},"18":{"start":{"line":82,"column":12},"end":{"line":82,"column":34}},"19":{"start":{"line":83,"column":12},"end":{"line":83,"column":64}},"20":{"start":{"line":84,"column":12},"end":{"line":87,"column":15}},"21":{"start":{"line":85,"column":16},"end":{"line":85,"column":23}},"22":{"start":{"line":86,"column":16},"end":{"line":86,"column":27}},"23":{"start":{"line":90,"column":8},"end":{"line":91,"column":82}},"24":{"start":{"line":92,"column":8},"end":{"line":92,"column":19}},"25":{"start":{"line":97,"column":0},"end":{"line":97,"column":39}}},"branchMap":{"1":{"line":90,"type":"cond-expr","locations":[{"start":{"line":90,"column":28},"end":{"line":90,"column":69}},{"start":{"line":91,"column":12},"end":{"line":91,"column":80}}]},"2":{"line":97,"type":"binary-expr","locations":[{"start":{"line":97,"column":0},"end":{"line":97,"column":14}},{"start":{"line":97,"column":18},"end":{"line":97,"column":38}}]}},"code":["//#!/usr/bin/env node","/* eslint-env node, es6 */","require('shelljs/global');","require('colors');","","var fs = require('fs'),","    path = require('path'),","    async = require('async'),","","    WIKI_URL = 'https://github.com/postmanlabs/newman.wiki.git',","    WIKI_GIT_PATH = path.join(__dirname, '..', '.tmp', 'github-wiki'),","    WIKI_VERSION = exec('git describe --always').stdout;","","module.exports = function (exit) {","","    async.series([","        // build the reference MD","        require('./build-wiki'),","","        /**","         * Clones the existing wiki from WIKI_URL into WIKI_GIT_PATH.","         *","         * @param {Function} next - The callback function invoked ot mark the end of the wiki clone routine.","         * @returns {*}","         */","        function (next) {","            console.info('Publishing wiki...'.yellow.bold);","","            // create a location to clone repository","            // @todo - maybe do this outside in an os-level temp folder to avoid recursive .git","            mkdir('-p', WIKI_GIT_PATH);","            rm('-rf', WIKI_GIT_PATH);","","            // @todo: Consider navigating to WIKI_GIT_PATH, setting up a new git repo there, point the remote","            // to WIKI_GIT_URL,","            // @todo: and push","            exec(`git clone ${WIKI_URL} ${WIKI_GIT_PATH} --quiet`, next);","        },","","        /**","         * Update contents of the repository.","         *","         * @param {Function} next - The callback function invoked to mark the completion of the wiki creation.","         * @returns {*}","         */","        function (next) {","            var source = fs.readFileSync(path.join('out', 'wiki', 'REFERENCE.md')).toString(),","                home,","                sidebar;","","            // extract sidebar from source","            sidebar = source.replace(/<a name=\"Collection\"><\\/a>[\\s\\S]+/g, '');","","            // remove sidebar data from home","            home = source.substr(sidebar.length);","","            // add timestamp to sidebar","            sidebar += '\\n\\n ' + (new Date()).toUTCString();","","            async.each([{","                path: path.join('.tmp', 'github-wiki', '_Sidebar.md'),","                data: sidebar","            }, {","                path: path.join('.tmp', 'github-wiki', 'Home.md'),","                data: home","            }], function (opts, next) {","                fs.writeFile(opts.path, opts.data, next);","            }, next);","        },","","        /**","         * Publishes the wiki to the Git remote.","         *","         * @param {Function} next - The callback function invoked to mark the end of the wiki publish routine.","         * @returns {*}","         */","        function (next) {","            // silence terminal output to prevent leaking sensitive information","            config.silent = true;","","            pushd(WIKI_GIT_PATH);","            exec('git add --all');","            exec('git commit -m \"[auto] ' + WIKI_VERSION + '\"');","            exec('git push origin master', function (code) {","                popd();","                next(code);","            });","        }","    ], function (code) {","        console.info(code ? colors.red.bold('\\nwiki publish failed.') :","            colors.green(`\\nwiki published successfully for \"${WIKI_VERSION}\".`));","        exit(code);","    });","};","","// ensure we run this script exports if this is a direct stdin.tty run","!module.parent && module.exports(exit);",""],"l":{"3":1,"4":1,"6":1,"14":1,"16":0,"27":0,"31":0,"32":0,"37":0,"47":0,"52":0,"55":0,"58":0,"60":0,"67":0,"79":0,"81":0,"82":0,"83":0,"84":0,"85":0,"86":0,"90":0,"92":0,"97":1}}}